29-08-2018 16:13:52.235 [main] INFO  c.c.b.BookingServiceTest.logStarting - Starting BookingServiceTest on DIN34002994 with PID 9652 (started by sogour in C:\Users\sogour\Documents\workspace-sts-3.9.4.RELEASE\myItinerary2)
29-08-2018 16:13:52.247 [main] INFO  c.c.b.BookingServiceTest.logStartupProfileInfo - No active profile set, falling back to default profiles: default
29-08-2018 16:13:52.414 [main] INFO  o.s.w.c.s.GenericWebApplicationContext.prepareRefresh - Refreshing org.springframework.web.context.support.GenericWebApplicationContext@780a91d0: startup date [Wed Aug 29 16:13:52 IST 2018]; root of context hierarchy
29-08-2018 16:13:55.040 [main] INFO  o.s.c.s.PostProcessorRegistrationDelegate$BeanPostProcessorChecker.postProcessAfterInitialization - Bean 'org.springframework.transaction.annotation.ProxyTransactionManagementConfiguration' of type [org.springframework.transaction.annotation.ProxyTransactionManagementConfiguration$$EnhancerBySpringCGLIB$$ac5968d2] is not eligible for getting processed by all BeanPostProcessors (for example: not eligible for auto-proxying)
29-08-2018 16:13:56.826 [main] INFO  o.s.w.s.m.m.a.RequestMappingHandlerMapping.register - Mapped "{[/booking/update/resort/{resortBookingId}],methods=[PUT]}" onto public org.springframework.http.ResponseEntity<java.lang.Object> com.cg.restcontroller.BookingController.updateBookResort(com.cg.entities.Resort,long)
29-08-2018 16:13:56.829 [main] INFO  o.s.w.s.m.m.a.RequestMappingHandlerMapping.register - Mapped "{[/booking/cancel/resort/{resortBookingId}],methods=[PUT]}" onto public org.springframework.http.ResponseEntity<java.lang.Object> com.cg.restcontroller.BookingController.cancelBookResort(long)
29-08-2018 16:13:56.830 [main] INFO  o.s.w.s.m.m.a.RequestMappingHandlerMapping.register - Mapped "{[/booking/dining/{guestID}],methods=[POST]}" onto public org.springframework.http.ResponseEntity<java.lang.Object> com.cg.restcontroller.BookingController.bookDining(com.cg.entities.Dining,long)
29-08-2018 16:13:56.831 [main] INFO  o.s.w.s.m.m.a.RequestMappingHandlerMapping.register - Mapped "{[/booking/update/dining/{diningBookingId}],methods=[PUT]}" onto public org.springframework.http.ResponseEntity<java.lang.Object> com.cg.restcontroller.BookingController.updateBookedDining(com.cg.entities.Dining,long)
29-08-2018 16:13:56.832 [main] INFO  o.s.w.s.m.m.a.RequestMappingHandlerMapping.register - Mapped "{[/booking/cancel/dining/{diningBookingId}],methods=[PUT]}" onto public org.springframework.http.ResponseEntity<java.lang.Object> com.cg.restcontroller.BookingController.cancelBookedDining(long)
29-08-2018 16:13:56.833 [main] INFO  o.s.w.s.m.m.a.RequestMappingHandlerMapping.register - Mapped "{[/booking/resort/{guestID}],methods=[POST]}" onto public org.springframework.http.ResponseEntity<java.lang.Object> com.cg.restcontroller.BookingController.bookResort(com.cg.entities.Resort,long)
29-08-2018 16:13:56.834 [main] INFO  o.s.w.s.m.m.a.RequestMappingHandlerMapping.register - Mapped "{[/booking/resort/get/{rReservationNumber}],methods=[GET]}" onto public org.springframework.http.ResponseEntity<java.lang.Object> com.cg.restcontroller.BookingController.getResort(long)
29-08-2018 16:13:56.835 [main] INFO  o.s.w.s.m.m.a.RequestMappingHandlerMapping.register - Mapped "{[/booking/dining/get/{dReservationNumber}],methods=[GET]}" onto public org.springframework.http.ResponseEntity<java.lang.Object> com.cg.restcontroller.BookingController.getDining(long)
29-08-2018 16:13:56.837 [main] INFO  o.s.w.s.m.m.a.RequestMappingHandlerMapping.register - Mapped "{[/guest/register],methods=[POST]}" onto public org.springframework.http.ResponseEntity<java.lang.Object> com.cg.restcontroller.GuestController.registerGuest(com.cg.entities.Guest)
29-08-2018 16:13:56.838 [main] INFO  o.s.w.s.m.m.a.RequestMappingHandlerMapping.register - Mapped "{[/guest/update/{guestID}],methods=[PUT]}" onto public org.springframework.http.ResponseEntity<java.lang.Object> com.cg.restcontroller.GuestController.updateGuest(com.cg.entities.Guest,long)
29-08-2018 16:13:56.839 [main] INFO  o.s.w.s.m.m.a.RequestMappingHandlerMapping.register - Mapped "{[/guest/login],methods=[POST]}" onto public org.springframework.http.ResponseEntity<java.lang.Object> com.cg.restcontroller.GuestController.loginGuest(com.cg.entities.Guest)
29-08-2018 16:13:56.839 [main] INFO  o.s.w.s.m.m.a.RequestMappingHandlerMapping.register - Mapped "{[/guest/view/{guestID}],methods=[GET]}" onto public java.util.List<java.lang.Object> com.cg.restcontroller.GuestController.viewItenarary(long)
29-08-2018 16:13:56.842 [main] INFO  o.s.w.s.m.m.a.RequestMappingHandlerMapping.register - Mapped "{[/v2/api-docs],methods=[GET],produces=[application/json || application/hal+json]}" onto public org.springframework.http.ResponseEntity<springfox.documentation.spring.web.json.Json> springfox.documentation.swagger2.web.Swagger2Controller.getDocumentation(java.lang.String,javax.servlet.http.HttpServletRequest)
29-08-2018 16:13:56.845 [main] INFO  o.s.w.s.m.m.a.RequestMappingHandlerMapping.register - Mapped "{[/swagger-resources]}" onto org.springframework.http.ResponseEntity<java.util.List<springfox.documentation.swagger.web.SwaggerResource>> springfox.documentation.swagger.web.ApiResourceController.swaggerResources()
29-08-2018 16:13:56.846 [main] INFO  o.s.w.s.m.m.a.RequestMappingHandlerMapping.register - Mapped "{[/swagger-resources/configuration/ui]}" onto org.springframework.http.ResponseEntity<springfox.documentation.swagger.web.UiConfiguration> springfox.documentation.swagger.web.ApiResourceController.uiConfiguration()
29-08-2018 16:13:56.857 [main] INFO  o.s.w.s.m.m.a.RequestMappingHandlerMapping.register - Mapped "{[/swagger-resources/configuration/security]}" onto org.springframework.http.ResponseEntity<springfox.documentation.swagger.web.SecurityConfiguration> springfox.documentation.swagger.web.ApiResourceController.securityConfiguration()
29-08-2018 16:13:56.862 [main] INFO  o.s.w.s.m.m.a.RequestMappingHandlerMapping.register - Mapped "{[/error]}" onto public org.springframework.http.ResponseEntity<java.util.Map<java.lang.String, java.lang.Object>> org.springframework.boot.autoconfigure.web.servlet.error.BasicErrorController.error(javax.servlet.http.HttpServletRequest)
29-08-2018 16:13:56.863 [main] INFO  o.s.w.s.m.m.a.RequestMappingHandlerMapping.register - Mapped "{[/error],produces=[text/html]}" onto public org.springframework.web.servlet.ModelAndView org.springframework.boot.autoconfigure.web.servlet.error.BasicErrorController.errorHtml(javax.servlet.http.HttpServletRequest,javax.servlet.http.HttpServletResponse)
29-08-2018 16:13:57.554 [main] INFO  o.s.w.s.h.SimpleUrlHandlerMapping.registerHandler - Mapped URL path [/**/favicon.ico] onto handler of type [class org.springframework.web.servlet.resource.ResourceHttpRequestHandler]
29-08-2018 16:13:57.823 [main] INFO  o.s.w.s.m.m.a.RequestMappingHandlerAdapter.initControllerAdviceCache - Looking for @ControllerAdvice: org.springframework.web.context.support.GenericWebApplicationContext@780a91d0: startup date [Wed Aug 29 16:13:52 IST 2018]; root of context hierarchy
29-08-2018 16:13:57.926 [main] INFO  o.s.w.s.h.SimpleUrlHandlerMapping.registerHandler - Mapped URL path [/webjars/**] onto handler of type [class org.springframework.web.servlet.resource.ResourceHttpRequestHandler]
29-08-2018 16:13:57.927 [main] INFO  o.s.w.s.h.SimpleUrlHandlerMapping.registerHandler - Mapped URL path [/**] onto handler of type [class org.springframework.web.servlet.resource.ResourceHttpRequestHandler]
29-08-2018 16:13:58.470 [main] INFO  o.s.c.s.DefaultLifecycleProcessor.start - Starting beans in phase 2147483647
29-08-2018 16:13:58.470 [main] INFO  s.d.s.w.p.DocumentationPluginsBootstrapper.start - Context refreshed
29-08-2018 16:13:58.573 [main] INFO  s.d.s.w.p.DocumentationPluginsBootstrapper.start - Found 1 custom documentation plugin(s)
29-08-2018 16:13:58.609 [main] INFO  s.d.s.w.s.ApiListingReferenceScanner.scan - Scanning for api listing references
29-08-2018 16:13:59.162 [main] INFO  c.c.b.BookingServiceTest.logStarted - Started BookingServiceTest in 7.544 seconds (JVM running for 12.638)
29-08-2018 16:14:00.269 [main] INFO  BookingServiceImpl.class.getAllDiningDetails - BookingServiceImpl: Executing getAllDiningDetails method.
29-08-2018 16:14:00.280 [main] INFO  BookingServiceImpl.class.updateBookedDining - BookingServiceImpl: Executing updateBookedDining method.
29-08-2018 16:14:00.285 [main] INFO  BookingServiceImpl.class.updateBookResort - BookingServiceImpl: Executing updateBookResort method.
29-08-2018 16:14:00.290 [main] INFO  BookingServiceImpl.class.getAllResortDetails - BookingServiceImpl: Executing getAllResortDetails method.
29-08-2018 16:14:00.294 [main] INFO  BookingServiceImpl.class.cancelBookedDining - BookingServiceImpl: Executing cancelBookResort method.
29-08-2018 16:14:00.300 [main] INFO  BookingServiceImpl.class.cancelBookResort - BookingServiceImpl: Executing cancelBookResort method.
29-08-2018 16:14:00.307 [main] INFO  BookingServiceImpl.class.bookDining - BookingServiceImpl: Executing bookDining method.
29-08-2018 16:14:00.314 [main] INFO  BookingServiceImpl.class.bookResort - BookingServiceImpl: Executing bookResort method.
29-08-2018 16:14:00.348 [main] INFO  com.cg.service.GuestServiceImpl.updateGuest - GuestServiceImpl: Executing updateGuest method.
29-08-2018 16:14:00.358 [main] INFO  com.cg.service.GuestServiceImpl.registerGuest - GuestServiceImpl: Executing registerGuest method.
29-08-2018 16:14:00.365 [main] INFO  com.cg.service.GuestServiceImpl.validateGuest - GuestServiceImpl: Executing validateGuest method.
29-08-2018 16:14:00.378 [Thread-4] INFO  o.s.w.c.s.GenericWebApplicationContext.doClose - Closing org.springframework.web.context.support.GenericWebApplicationContext@780a91d0: startup date [Wed Aug 29 16:13:52 IST 2018]; root of context hierarchy
29-08-2018 16:14:01.210 [Thread-4] INFO  o.s.c.s.DefaultLifecycleProcessor.stop - Stopping beans in phase 2147483647
29-08-2018 16:30:14.659 [main] INFO  c.c.b.BookingServiceTest.logStarting - Starting BookingServiceTest on DIN34002994 with PID 8076 (started by sogour in C:\Users\sogour\Documents\workspace-sts-3.9.4.RELEASE\myItinerary2)
29-08-2018 16:30:14.661 [main] INFO  c.c.b.BookingServiceTest.logStartupProfileInfo - No active profile set, falling back to default profiles: default
29-08-2018 16:30:14.688 [main] INFO  o.s.w.c.s.GenericWebApplicationContext.prepareRefresh - Refreshing org.springframework.web.context.support.GenericWebApplicationContext@660acfb: startup date [Wed Aug 29 16:30:14 IST 2018]; root of context hierarchy
29-08-2018 16:30:16.060 [main] INFO  o.s.c.s.PostProcessorRegistrationDelegate$BeanPostProcessorChecker.postProcessAfterInitialization - Bean 'org.springframework.transaction.annotation.ProxyTransactionManagementConfiguration' of type [org.springframework.transaction.annotation.ProxyTransactionManagementConfiguration$$EnhancerBySpringCGLIB$$9982613e] is not eligible for getting processed by all BeanPostProcessors (for example: not eligible for auto-proxying)
29-08-2018 16:30:16.820 [main] INFO  o.s.w.s.m.m.a.RequestMappingHandlerMapping.register - Mapped "{[/booking/update/dining/{diningBookingId}],methods=[PUT]}" onto public org.springframework.http.ResponseEntity<java.lang.Object> com.cg.restcontroller.BookingController.updateBookedDining(com.cg.entities.Dining,long)
29-08-2018 16:30:16.823 [main] INFO  o.s.w.s.m.m.a.RequestMappingHandlerMapping.register - Mapped "{[/booking/cancel/dining/{diningBookingId}],methods=[PUT]}" onto public org.springframework.http.ResponseEntity<java.lang.Object> com.cg.restcontroller.BookingController.cancelBookedDining(long)
29-08-2018 16:30:16.824 [main] INFO  o.s.w.s.m.m.a.RequestMappingHandlerMapping.register - Mapped "{[/booking/resort/{guestID}],methods=[POST]}" onto public org.springframework.http.ResponseEntity<java.lang.Object> com.cg.restcontroller.BookingController.bookResort(com.cg.entities.Resort,long)
29-08-2018 16:30:16.825 [main] INFO  o.s.w.s.m.m.a.RequestMappingHandlerMapping.register - Mapped "{[/booking/update/resort/{resortBookingId}],methods=[PUT]}" onto public org.springframework.http.ResponseEntity<java.lang.Object> com.cg.restcontroller.BookingController.updateBookResort(com.cg.entities.Resort,long)
29-08-2018 16:30:16.827 [main] INFO  o.s.w.s.m.m.a.RequestMappingHandlerMapping.register - Mapped "{[/booking/cancel/resort/{resortBookingId}],methods=[PUT]}" onto public org.springframework.http.ResponseEntity<java.lang.Object> com.cg.restcontroller.BookingController.cancelBookResort(long)
29-08-2018 16:30:16.828 [main] INFO  o.s.w.s.m.m.a.RequestMappingHandlerMapping.register - Mapped "{[/booking/dining/{guestID}],methods=[POST]}" onto public org.springframework.http.ResponseEntity<java.lang.Object> com.cg.restcontroller.BookingController.bookDining(com.cg.entities.Dining,long)
29-08-2018 16:30:16.829 [main] INFO  o.s.w.s.m.m.a.RequestMappingHandlerMapping.register - Mapped "{[/booking/resort/get/{rReservationNumber}],methods=[GET]}" onto public org.springframework.http.ResponseEntity<java.lang.Object> com.cg.restcontroller.BookingController.getResort(long)
29-08-2018 16:30:16.830 [main] INFO  o.s.w.s.m.m.a.RequestMappingHandlerMapping.register - Mapped "{[/booking/dining/get/{dReservationNumber}],methods=[GET]}" onto public org.springframework.http.ResponseEntity<java.lang.Object> com.cg.restcontroller.BookingController.getDining(long)
29-08-2018 16:30:16.833 [main] INFO  o.s.w.s.m.m.a.RequestMappingHandlerMapping.register - Mapped "{[/guest/register],methods=[POST]}" onto public org.springframework.http.ResponseEntity<java.lang.Object> com.cg.restcontroller.GuestController.registerGuest(com.cg.entities.Guest)
29-08-2018 16:30:16.834 [main] INFO  o.s.w.s.m.m.a.RequestMappingHandlerMapping.register - Mapped "{[/guest/update/{guestID}],methods=[PUT]}" onto public org.springframework.http.ResponseEntity<java.lang.Object> com.cg.restcontroller.GuestController.updateGuest(com.cg.entities.Guest,long)
29-08-2018 16:30:16.835 [main] INFO  o.s.w.s.m.m.a.RequestMappingHandlerMapping.register - Mapped "{[/guest/login],methods=[POST]}" onto public org.springframework.http.ResponseEntity<java.lang.Object> com.cg.restcontroller.GuestController.loginGuest(com.cg.entities.Guest)
29-08-2018 16:30:16.836 [main] INFO  o.s.w.s.m.m.a.RequestMappingHandlerMapping.register - Mapped "{[/guest/view/{guestID}],methods=[GET]}" onto public java.util.List<java.lang.Object> com.cg.restcontroller.GuestController.viewItenarary(long)
29-08-2018 16:30:16.840 [main] INFO  o.s.w.s.m.m.a.RequestMappingHandlerMapping.register - Mapped "{[/v2/api-docs],methods=[GET],produces=[application/json || application/hal+json]}" onto public org.springframework.http.ResponseEntity<springfox.documentation.spring.web.json.Json> springfox.documentation.swagger2.web.Swagger2Controller.getDocumentation(java.lang.String,javax.servlet.http.HttpServletRequest)
29-08-2018 16:30:16.843 [main] INFO  o.s.w.s.m.m.a.RequestMappingHandlerMapping.register - Mapped "{[/swagger-resources/configuration/security]}" onto org.springframework.http.ResponseEntity<springfox.documentation.swagger.web.SecurityConfiguration> springfox.documentation.swagger.web.ApiResourceController.securityConfiguration()
29-08-2018 16:30:16.844 [main] INFO  o.s.w.s.m.m.a.RequestMappingHandlerMapping.register - Mapped "{[/swagger-resources/configuration/ui]}" onto org.springframework.http.ResponseEntity<springfox.documentation.swagger.web.UiConfiguration> springfox.documentation.swagger.web.ApiResourceController.uiConfiguration()
29-08-2018 16:30:16.846 [main] INFO  o.s.w.s.m.m.a.RequestMappingHandlerMapping.register - Mapped "{[/swagger-resources]}" onto org.springframework.http.ResponseEntity<java.util.List<springfox.documentation.swagger.web.SwaggerResource>> springfox.documentation.swagger.web.ApiResourceController.swaggerResources()
29-08-2018 16:30:16.852 [main] INFO  o.s.w.s.m.m.a.RequestMappingHandlerMapping.register - Mapped "{[/error]}" onto public org.springframework.http.ResponseEntity<java.util.Map<java.lang.String, java.lang.Object>> org.springframework.boot.autoconfigure.web.servlet.error.BasicErrorController.error(javax.servlet.http.HttpServletRequest)
29-08-2018 16:30:16.853 [main] INFO  o.s.w.s.m.m.a.RequestMappingHandlerMapping.register - Mapped "{[/error],produces=[text/html]}" onto public org.springframework.web.servlet.ModelAndView org.springframework.boot.autoconfigure.web.servlet.error.BasicErrorController.errorHtml(javax.servlet.http.HttpServletRequest,javax.servlet.http.HttpServletResponse)
29-08-2018 16:30:17.483 [main] INFO  o.s.w.s.h.SimpleUrlHandlerMapping.registerHandler - Mapped URL path [/**/favicon.ico] onto handler of type [class org.springframework.web.servlet.resource.ResourceHttpRequestHandler]
29-08-2018 16:30:17.622 [main] INFO  o.s.w.s.m.m.a.RequestMappingHandlerAdapter.initControllerAdviceCache - Looking for @ControllerAdvice: org.springframework.web.context.support.GenericWebApplicationContext@660acfb: startup date [Wed Aug 29 16:30:14 IST 2018]; root of context hierarchy
29-08-2018 16:30:17.679 [main] INFO  o.s.w.s.h.SimpleUrlHandlerMapping.registerHandler - Mapped URL path [/webjars/**] onto handler of type [class org.springframework.web.servlet.resource.ResourceHttpRequestHandler]
29-08-2018 16:30:17.679 [main] INFO  o.s.w.s.h.SimpleUrlHandlerMapping.registerHandler - Mapped URL path [/**] onto handler of type [class org.springframework.web.servlet.resource.ResourceHttpRequestHandler]
29-08-2018 16:30:17.940 [main] INFO  o.s.c.s.DefaultLifecycleProcessor.start - Starting beans in phase 2147483647
29-08-2018 16:30:17.940 [main] INFO  s.d.s.w.p.DocumentationPluginsBootstrapper.start - Context refreshed
29-08-2018 16:30:17.960 [main] INFO  s.d.s.w.p.DocumentationPluginsBootstrapper.start - Found 1 custom documentation plugin(s)
29-08-2018 16:30:17.973 [main] INFO  s.d.s.w.s.ApiListingReferenceScanner.scan - Scanning for api listing references
29-08-2018 16:30:18.173 [main] INFO  c.c.b.BookingServiceTest.logStarted - Started BookingServiceTest in 3.89 seconds (JVM running for 5.153)
29-08-2018 16:30:18.593 [main] INFO  BookingServiceImpl.class.getAllDiningDetails - BookingServiceImpl: Executing getAllDiningDetails method.
29-08-2018 16:30:18.601 [main] INFO  BookingServiceImpl.class.updateBookedDining - BookingServiceImpl: Executing updateBookedDining method.
29-08-2018 16:30:18.606 [main] INFO  BookingServiceImpl.class.updateBookResort - BookingServiceImpl: Executing updateBookResort method.
29-08-2018 16:30:18.609 [main] INFO  BookingServiceImpl.class.getAllResortDetails - BookingServiceImpl: Executing getAllResortDetails method.
29-08-2018 16:30:18.613 [main] INFO  BookingServiceImpl.class.cancelBookedDining - BookingServiceImpl: Executing cancelBookResort method.
29-08-2018 16:30:18.617 [main] INFO  BookingServiceImpl.class.cancelBookResort - BookingServiceImpl: Executing cancelBookResort method.
29-08-2018 16:30:18.621 [main] INFO  BookingServiceImpl.class.bookDining - BookingServiceImpl: Executing bookDining method.
29-08-2018 16:30:18.625 [main] INFO  BookingServiceImpl.class.bookResort - BookingServiceImpl: Executing bookResort method.
29-08-2018 16:30:18.628 [main] INFO  o.s.b.t.c.SpringBootTestContextBootstrapper.buildDefaultMergedContextConfiguration - Neither @ContextConfiguration nor @ContextHierarchy found for test class [com.cg.bootjdbctemplate.GuestServiceTest], using SpringBootContextLoader
29-08-2018 16:30:18.629 [main] INFO  o.s.t.c.s.AbstractContextLoader.generateDefaultLocations - Could not detect default resource locations for test class [com.cg.bootjdbctemplate.GuestServiceTest]: no resource found for suffixes {-context.xml, Context.groovy}.
29-08-2018 16:30:18.630 [main] INFO  o.s.t.c.s.AnnotationConfigContextLoaderUtils.detectDefaultConfigurationClasses - Could not detect default configuration classes for test class [com.cg.bootjdbctemplate.GuestServiceTest]: GuestServiceTest does not declare any static, non-private, non-final, nested classes annotated with @Configuration.
29-08-2018 16:30:18.632 [main] INFO  o.s.b.t.c.SpringBootTestContextBootstrapper.getOrFindConfigurationClasses - Found @SpringBootConfiguration com.cg.MyApplication for test class com.cg.bootjdbctemplate.GuestServiceTest
29-08-2018 16:30:18.634 [main] INFO  o.s.b.t.c.SpringBootTestContextBootstrapper.getDefaultTestExecutionListenerClassNames - Loaded default TestExecutionListener class names from location [META-INF/spring.factories]: [org.springframework.boot.test.mock.mockito.MockitoTestExecutionListener, org.springframework.boot.test.mock.mockito.ResetMocksTestExecutionListener, org.springframework.boot.test.autoconfigure.restdocs.RestDocsTestExecutionListener, org.springframework.boot.test.autoconfigure.web.client.MockRestServiceServerResetTestExecutionListener, org.springframework.boot.test.autoconfigure.web.servlet.MockMvcPrintOnlyOnFailureTestExecutionListener, org.springframework.boot.test.autoconfigure.web.servlet.WebDriverTestExecutionListener, org.springframework.test.context.web.ServletTestExecutionListener, org.springframework.test.context.support.DirtiesContextBeforeModesTestExecutionListener, org.springframework.test.context.support.DependencyInjectionTestExecutionListener, org.springframework.test.context.support.DirtiesContextTestExecutionListener, org.springframework.test.context.transaction.TransactionalTestExecutionListener, org.springframework.test.context.jdbc.SqlScriptsTestExecutionListener]
29-08-2018 16:30:18.635 [main] INFO  o.s.b.t.c.SpringBootTestContextBootstrapper.getTestExecutionListeners - Using TestExecutionListeners: [org.springframework.test.context.web.ServletTestExecutionListener@673e76b3, org.springframework.test.context.support.DirtiesContextBeforeModesTestExecutionListener@1bedc703, org.springframework.boot.test.mock.mockito.MockitoTestExecutionListener@18d11527, org.springframework.boot.test.autoconfigure.SpringBootDependencyInjectionTestExecutionListener@4998e74b, org.springframework.test.context.support.DirtiesContextTestExecutionListener@5d878b25, org.springframework.test.context.transaction.TransactionalTestExecutionListener@28279a49, org.springframework.test.context.jdbc.SqlScriptsTestExecutionListener@384fda47, org.springframework.boot.test.mock.mockito.ResetMocksTestExecutionListener@3663d0ba, org.springframework.boot.test.autoconfigure.restdocs.RestDocsTestExecutionListener@575cabf0, org.springframework.boot.test.autoconfigure.web.client.MockRestServiceServerResetTestExecutionListener@433d9680, org.springframework.boot.test.autoconfigure.web.servlet.MockMvcPrintOnlyOnFailureTestExecutionListener@566e142, org.springframework.boot.test.autoconfigure.web.servlet.WebDriverTestExecutionListener@2da81754]
29-08-2018 16:30:18.659 [main] INFO  com.cg.service.GuestServiceImpl.updateGuest - GuestServiceImpl: Executing updateGuest method.
29-08-2018 16:30:18.664 [main] INFO  com.cg.service.GuestServiceImpl.registerGuest - GuestServiceImpl: Executing registerGuest method.
29-08-2018 16:30:18.670 [main] INFO  com.cg.service.GuestServiceImpl.validateGuest - GuestServiceImpl: Executing validateGuest method.
29-08-2018 16:30:18.713 [Thread-2] INFO  o.s.w.c.s.GenericWebApplicationContext.doClose - Closing org.springframework.web.context.support.GenericWebApplicationContext@660acfb: startup date [Wed Aug 29 16:30:14 IST 2018]; root of context hierarchy
29-08-2018 16:30:18.715 [Thread-2] INFO  o.s.c.s.DefaultLifecycleProcessor.stop - Stopping beans in phase 2147483647
29-08-2018 16:38:20.062 [main] INFO  c.c.b.BookingServiceTest.logStarting - Starting BookingServiceTest on DIN34002994 with PID 8476 (started by sogour in C:\Users\sogour\Documents\workspace-sts-3.9.4.RELEASE\myItinerary2)
29-08-2018 16:38:20.066 [main] INFO  c.c.b.BookingServiceTest.logStartupProfileInfo - No active profile set, falling back to default profiles: default
29-08-2018 16:38:20.517 [main] INFO  o.s.w.c.s.GenericWebApplicationContext.prepareRefresh - Refreshing org.springframework.web.context.support.GenericWebApplicationContext@36fe83d: startup date [Wed Aug 29 16:38:20 IST 2018]; root of context hierarchy
29-08-2018 16:38:25.880 [main] INFO  o.s.c.s.PostProcessorRegistrationDelegate$BeanPostProcessorChecker.postProcessAfterInitialization - Bean 'org.springframework.transaction.annotation.ProxyTransactionManagementConfiguration' of type [org.springframework.transaction.annotation.ProxyTransactionManagementConfiguration$$EnhancerBySpringCGLIB$$515adb99] is not eligible for getting processed by all BeanPostProcessors (for example: not eligible for auto-proxying)
29-08-2018 16:38:40.437 [main] INFO  o.s.w.s.m.m.a.RequestMappingHandlerMapping.register - Mapped "{[/booking/update/dining/{diningBookingId}],methods=[PUT]}" onto public org.springframework.http.ResponseEntity<java.lang.Object> com.cg.restcontroller.BookingController.updateBookedDining(com.cg.entities.Dining,long)
29-08-2018 16:38:40.441 [main] INFO  o.s.w.s.m.m.a.RequestMappingHandlerMapping.register - Mapped "{[/booking/cancel/dining/{diningBookingId}],methods=[PUT]}" onto public org.springframework.http.ResponseEntity<java.lang.Object> com.cg.restcontroller.BookingController.cancelBookedDining(long)
29-08-2018 16:38:40.449 [main] INFO  o.s.w.s.m.m.a.RequestMappingHandlerMapping.register - Mapped "{[/booking/resort/{guestID}],methods=[POST]}" onto public org.springframework.http.ResponseEntity<java.lang.Object> com.cg.restcontroller.BookingController.bookResort(com.cg.entities.Resort,long)
29-08-2018 16:38:40.451 [main] INFO  o.s.w.s.m.m.a.RequestMappingHandlerMapping.register - Mapped "{[/booking/update/resort/{resortBookingId}],methods=[PUT]}" onto public org.springframework.http.ResponseEntity<java.lang.Object> com.cg.restcontroller.BookingController.updateBookResort(com.cg.entities.Resort,long)
29-08-2018 16:38:40.453 [main] INFO  o.s.w.s.m.m.a.RequestMappingHandlerMapping.register - Mapped "{[/booking/cancel/resort/{resortBookingId}],methods=[PUT]}" onto public org.springframework.http.ResponseEntity<java.lang.Object> com.cg.restcontroller.BookingController.cancelBookResort(long)
29-08-2018 16:38:40.455 [main] INFO  o.s.w.s.m.m.a.RequestMappingHandlerMapping.register - Mapped "{[/booking/dining/{guestID}],methods=[POST]}" onto public org.springframework.http.ResponseEntity<java.lang.Object> com.cg.restcontroller.BookingController.bookDining(com.cg.entities.Dining,long)
29-08-2018 16:38:40.457 [main] INFO  o.s.w.s.m.m.a.RequestMappingHandlerMapping.register - Mapped "{[/booking/resort/get/{rReservationNumber}],methods=[GET]}" onto public org.springframework.http.ResponseEntity<java.lang.Object> com.cg.restcontroller.BookingController.getResort(long)
29-08-2018 16:38:40.458 [main] INFO  o.s.w.s.m.m.a.RequestMappingHandlerMapping.register - Mapped "{[/booking/dining/get/{dReservationNumber}],methods=[GET]}" onto public org.springframework.http.ResponseEntity<java.lang.Object> com.cg.restcontroller.BookingController.getDining(long)
29-08-2018 16:38:40.465 [main] INFO  o.s.w.s.m.m.a.RequestMappingHandlerMapping.register - Mapped "{[/guest/login],methods=[POST]}" onto public org.springframework.http.ResponseEntity<java.lang.Object> com.cg.restcontroller.GuestController.loginGuest(com.cg.entities.Guest)
29-08-2018 16:38:40.468 [main] INFO  o.s.w.s.m.m.a.RequestMappingHandlerMapping.register - Mapped "{[/guest/view/{guestID}],methods=[GET]}" onto public java.util.List<java.lang.Object> com.cg.restcontroller.GuestController.viewItenarary(long)
29-08-2018 16:38:40.469 [main] INFO  o.s.w.s.m.m.a.RequestMappingHandlerMapping.register - Mapped "{[/guest/register],methods=[POST]}" onto public org.springframework.http.ResponseEntity<java.lang.Object> com.cg.restcontroller.GuestController.registerGuest(com.cg.entities.Guest)
29-08-2018 16:38:40.475 [main] INFO  o.s.w.s.m.m.a.RequestMappingHandlerMapping.register - Mapped "{[/guest/update/{guestID}],methods=[PUT]}" onto public org.springframework.http.ResponseEntity<java.lang.Object> com.cg.restcontroller.GuestController.updateGuest(com.cg.entities.Guest,long)
29-08-2018 16:38:40.478 [main] INFO  o.s.w.s.m.m.a.RequestMappingHandlerMapping.register - Mapped "{[/v2/api-docs],methods=[GET],produces=[application/json || application/hal+json]}" onto public org.springframework.http.ResponseEntity<springfox.documentation.spring.web.json.Json> springfox.documentation.swagger2.web.Swagger2Controller.getDocumentation(java.lang.String,javax.servlet.http.HttpServletRequest)
29-08-2018 16:38:40.489 [main] INFO  o.s.w.s.m.m.a.RequestMappingHandlerMapping.register - Mapped "{[/swagger-resources]}" onto org.springframework.http.ResponseEntity<java.util.List<springfox.documentation.swagger.web.SwaggerResource>> springfox.documentation.swagger.web.ApiResourceController.swaggerResources()
29-08-2018 16:38:40.491 [main] INFO  o.s.w.s.m.m.a.RequestMappingHandlerMapping.register - Mapped "{[/swagger-resources/configuration/ui]}" onto org.springframework.http.ResponseEntity<springfox.documentation.swagger.web.UiConfiguration> springfox.documentation.swagger.web.ApiResourceController.uiConfiguration()
29-08-2018 16:38:40.492 [main] INFO  o.s.w.s.m.m.a.RequestMappingHandlerMapping.register - Mapped "{[/swagger-resources/configuration/security]}" onto org.springframework.http.ResponseEntity<springfox.documentation.swagger.web.SecurityConfiguration> springfox.documentation.swagger.web.ApiResourceController.securityConfiguration()
29-08-2018 16:38:40.497 [main] INFO  o.s.w.s.m.m.a.RequestMappingHandlerMapping.register - Mapped "{[/error]}" onto public org.springframework.http.ResponseEntity<java.util.Map<java.lang.String, java.lang.Object>> org.springframework.boot.autoconfigure.web.servlet.error.BasicErrorController.error(javax.servlet.http.HttpServletRequest)
29-08-2018 16:38:40.499 [main] INFO  o.s.w.s.m.m.a.RequestMappingHandlerMapping.register - Mapped "{[/error],produces=[text/html]}" onto public org.springframework.web.servlet.ModelAndView org.springframework.boot.autoconfigure.web.servlet.error.BasicErrorController.errorHtml(javax.servlet.http.HttpServletRequest,javax.servlet.http.HttpServletResponse)
29-08-2018 16:38:41.282 [main] INFO  o.s.w.s.h.SimpleUrlHandlerMapping.registerHandler - Mapped URL path [/**/favicon.ico] onto handler of type [class org.springframework.web.servlet.resource.ResourceHttpRequestHandler]
29-08-2018 16:38:41.544 [main] INFO  o.s.w.s.m.m.a.RequestMappingHandlerAdapter.initControllerAdviceCache - Looking for @ControllerAdvice: org.springframework.web.context.support.GenericWebApplicationContext@36fe83d: startup date [Wed Aug 29 16:38:20 IST 2018]; root of context hierarchy
29-08-2018 16:38:41.634 [main] INFO  o.s.w.s.h.SimpleUrlHandlerMapping.registerHandler - Mapped URL path [/webjars/**] onto handler of type [class org.springframework.web.servlet.resource.ResourceHttpRequestHandler]
29-08-2018 16:38:41.634 [main] INFO  o.s.w.s.h.SimpleUrlHandlerMapping.registerHandler - Mapped URL path [/**] onto handler of type [class org.springframework.web.servlet.resource.ResourceHttpRequestHandler]
29-08-2018 16:38:42.359 [main] INFO  o.s.c.s.DefaultLifecycleProcessor.start - Starting beans in phase 2147483647
29-08-2018 16:38:42.360 [main] INFO  s.d.s.w.p.DocumentationPluginsBootstrapper.start - Context refreshed
29-08-2018 16:38:42.583 [main] INFO  s.d.s.w.p.DocumentationPluginsBootstrapper.start - Found 1 custom documentation plugin(s)
29-08-2018 16:38:42.609 [main] INFO  s.d.s.w.s.ApiListingReferenceScanner.scan - Scanning for api listing references
29-08-2018 16:38:43.094 [main] INFO  c.c.b.BookingServiceTest.logStarted - Started BookingServiceTest in 25.622 seconds (JVM running for 28.135)
29-08-2018 16:38:47.108 [main] INFO  BookingServiceImpl.class.getAllDiningDetails - BookingServiceImpl: Executing getAllDiningDetails method.
29-08-2018 16:38:47.118 [main] INFO  BookingServiceImpl.class.updateBookedDining - BookingServiceImpl: Executing updateBookedDining method.
29-08-2018 16:38:47.123 [main] INFO  BookingServiceImpl.class.updateBookResort - BookingServiceImpl: Executing updateBookResort method.
29-08-2018 16:38:47.129 [main] INFO  BookingServiceImpl.class.getAllResortDetails - BookingServiceImpl: Executing getAllResortDetails method.
29-08-2018 16:38:47.133 [main] INFO  BookingServiceImpl.class.cancelBookedDining - BookingServiceImpl: Executing cancelBookResort method.
29-08-2018 16:38:47.138 [main] INFO  BookingServiceImpl.class.cancelBookResort - BookingServiceImpl: Executing cancelBookResort method.
29-08-2018 16:38:47.149 [main] INFO  BookingServiceImpl.class.bookDining - BookingServiceImpl: Executing bookDining method.
29-08-2018 16:38:47.155 [main] INFO  BookingServiceImpl.class.bookResort - BookingServiceImpl: Executing bookResort method.
29-08-2018 16:38:47.162 [main] INFO  o.s.b.t.c.SpringBootTestContextBootstrapper.buildDefaultMergedContextConfiguration - Neither @ContextConfiguration nor @ContextHierarchy found for test class [com.cg.bootjdbctemplate.GuestServiceTest], using SpringBootContextLoader
29-08-2018 16:38:47.164 [main] INFO  o.s.t.c.s.AbstractContextLoader.generateDefaultLocations - Could not detect default resource locations for test class [com.cg.bootjdbctemplate.GuestServiceTest]: no resource found for suffixes {-context.xml, Context.groovy}.
29-08-2018 16:38:47.164 [main] INFO  o.s.t.c.s.AnnotationConfigContextLoaderUtils.detectDefaultConfigurationClasses - Could not detect default configuration classes for test class [com.cg.bootjdbctemplate.GuestServiceTest]: GuestServiceTest does not declare any static, non-private, non-final, nested classes annotated with @Configuration.
29-08-2018 16:38:47.167 [main] INFO  o.s.b.t.c.SpringBootTestContextBootstrapper.getOrFindConfigurationClasses - Found @SpringBootConfiguration com.cg.MyApplication for test class com.cg.bootjdbctemplate.GuestServiceTest
29-08-2018 16:38:47.169 [main] INFO  o.s.b.t.c.SpringBootTestContextBootstrapper.getDefaultTestExecutionListenerClassNames - Loaded default TestExecutionListener class names from location [META-INF/spring.factories]: [org.springframework.boot.test.mock.mockito.MockitoTestExecutionListener, org.springframework.boot.test.mock.mockito.ResetMocksTestExecutionListener, org.springframework.boot.test.autoconfigure.restdocs.RestDocsTestExecutionListener, org.springframework.boot.test.autoconfigure.web.client.MockRestServiceServerResetTestExecutionListener, org.springframework.boot.test.autoconfigure.web.servlet.MockMvcPrintOnlyOnFailureTestExecutionListener, org.springframework.boot.test.autoconfigure.web.servlet.WebDriverTestExecutionListener, org.springframework.test.context.web.ServletTestExecutionListener, org.springframework.test.context.support.DirtiesContextBeforeModesTestExecutionListener, org.springframework.test.context.support.DependencyInjectionTestExecutionListener, org.springframework.test.context.support.DirtiesContextTestExecutionListener, org.springframework.test.context.transaction.TransactionalTestExecutionListener, org.springframework.test.context.jdbc.SqlScriptsTestExecutionListener]
29-08-2018 16:38:47.170 [main] INFO  o.s.b.t.c.SpringBootTestContextBootstrapper.getTestExecutionListeners - Using TestExecutionListeners: [org.springframework.test.context.web.ServletTestExecutionListener@212cecfa, org.springframework.test.context.support.DirtiesContextBeforeModesTestExecutionListener@5426f8a2, org.springframework.boot.test.mock.mockito.MockitoTestExecutionListener@55582345, org.springframework.boot.test.autoconfigure.SpringBootDependencyInjectionTestExecutionListener@2ee6ef29, org.springframework.test.context.support.DirtiesContextTestExecutionListener@686b8d33, org.springframework.test.context.transaction.TransactionalTestExecutionListener@b6b8b74, org.springframework.test.context.jdbc.SqlScriptsTestExecutionListener@1fbdd357, org.springframework.boot.test.mock.mockito.ResetMocksTestExecutionListener@6bbe82e, org.springframework.boot.test.autoconfigure.restdocs.RestDocsTestExecutionListener@328defdf, org.springframework.boot.test.autoconfigure.web.client.MockRestServiceServerResetTestExecutionListener@656ae2d1, org.springframework.boot.test.autoconfigure.web.servlet.MockMvcPrintOnlyOnFailureTestExecutionListener@14bca240, org.springframework.boot.test.autoconfigure.web.servlet.WebDriverTestExecutionListener@4d1fd261]
29-08-2018 16:38:47.208 [main] INFO  com.cg.service.GuestServiceImpl.updateGuest - GuestServiceImpl: Executing updateGuest method.
29-08-2018 16:38:47.213 [main] INFO  com.cg.service.GuestServiceImpl.registerGuest - GuestServiceImpl: Executing registerGuest method.
29-08-2018 16:38:47.217 [main] INFO  com.cg.service.GuestServiceImpl.validateGuest - GuestServiceImpl: Executing validateGuest method.
29-08-2018 16:38:47.284 [Thread-3] INFO  o.s.w.c.s.GenericWebApplicationContext.doClose - Closing org.springframework.web.context.support.GenericWebApplicationContext@36fe83d: startup date [Wed Aug 29 16:38:20 IST 2018]; root of context hierarchy
29-08-2018 16:38:47.327 [Thread-3] INFO  o.s.c.s.DefaultLifecycleProcessor.stop - Stopping beans in phase 2147483647
29-08-2018 18:20:26.073 [main] INFO  c.c.b.BookingServiceTest.logStarting - Starting BookingServiceTest on DIN34002994 with PID 10636 (started by sogour in C:\Users\sogour\Documents\workspace-sts-3.9.4.RELEASE\myItinerary2)
29-08-2018 18:20:26.081 [main] INFO  c.c.b.BookingServiceTest.logStartupProfileInfo - No active profile set, falling back to default profiles: default
29-08-2018 18:20:26.110 [main] INFO  o.s.w.c.s.GenericWebApplicationContext.prepareRefresh - Refreshing org.springframework.web.context.support.GenericWebApplicationContext@660acfb: startup date [Wed Aug 29 18:20:26 IST 2018]; root of context hierarchy
29-08-2018 18:20:27.768 [main] INFO  o.s.c.s.PostProcessorRegistrationDelegate$BeanPostProcessorChecker.postProcessAfterInitialization - Bean 'org.springframework.transaction.annotation.ProxyTransactionManagementConfiguration' of type [org.springframework.transaction.annotation.ProxyTransactionManagementConfiguration$$EnhancerBySpringCGLIB$$e69418d7] is not eligible for getting processed by all BeanPostProcessors (for example: not eligible for auto-proxying)
29-08-2018 18:20:28.438 [main] INFO  o.s.w.s.m.m.a.RequestMappingHandlerMapping.register - Mapped "{[/booking/update/dining/{diningBookingId}],methods=[PUT]}" onto public org.springframework.http.ResponseEntity<java.lang.Object> com.cg.restcontroller.BookingController.updateBookedDining(com.cg.entities.Dining,long)
29-08-2018 18:20:28.440 [main] INFO  o.s.w.s.m.m.a.RequestMappingHandlerMapping.register - Mapped "{[/booking/cancel/dining/{diningBookingId}],methods=[PUT]}" onto public org.springframework.http.ResponseEntity<java.lang.Object> com.cg.restcontroller.BookingController.cancelBookedDining(long)
29-08-2018 18:20:28.441 [main] INFO  o.s.w.s.m.m.a.RequestMappingHandlerMapping.register - Mapped "{[/booking/resort/{guestID}],methods=[POST]}" onto public org.springframework.http.ResponseEntity<java.lang.Object> com.cg.restcontroller.BookingController.bookResort(com.cg.entities.Resort,long)
29-08-2018 18:20:28.441 [main] INFO  o.s.w.s.m.m.a.RequestMappingHandlerMapping.register - Mapped "{[/booking/update/resort/{resortBookingId}],methods=[PUT]}" onto public org.springframework.http.ResponseEntity<java.lang.Object> com.cg.restcontroller.BookingController.updateBookResort(com.cg.entities.Resort,long)
29-08-2018 18:20:28.442 [main] INFO  o.s.w.s.m.m.a.RequestMappingHandlerMapping.register - Mapped "{[/booking/cancel/resort/{resortBookingId}],methods=[PUT]}" onto public org.springframework.http.ResponseEntity<java.lang.Object> com.cg.restcontroller.BookingController.cancelBookResort(long)
29-08-2018 18:20:28.443 [main] INFO  o.s.w.s.m.m.a.RequestMappingHandlerMapping.register - Mapped "{[/booking/dining/{guestID}],methods=[POST]}" onto public org.springframework.http.ResponseEntity<java.lang.Object> com.cg.restcontroller.BookingController.bookDining(com.cg.entities.Dining,long)
29-08-2018 18:20:28.443 [main] INFO  o.s.w.s.m.m.a.RequestMappingHandlerMapping.register - Mapped "{[/booking/resort/get/{rReservationNumber}],methods=[GET]}" onto public org.springframework.http.ResponseEntity<java.lang.Object> com.cg.restcontroller.BookingController.getResort(long)
29-08-2018 18:20:28.444 [main] INFO  o.s.w.s.m.m.a.RequestMappingHandlerMapping.register - Mapped "{[/booking/dining/get/{dReservationNumber}],methods=[GET]}" onto public org.springframework.http.ResponseEntity<java.lang.Object> com.cg.restcontroller.BookingController.getDining(long)
29-08-2018 18:20:28.446 [main] INFO  o.s.w.s.m.m.a.RequestMappingHandlerMapping.register - Mapped "{[/guest/register],methods=[POST]}" onto public org.springframework.http.ResponseEntity<java.lang.Object> com.cg.restcontroller.GuestController.registerGuest(com.cg.entities.Guest)
29-08-2018 18:20:28.447 [main] INFO  o.s.w.s.m.m.a.RequestMappingHandlerMapping.register - Mapped "{[/guest/update/{guestID}],methods=[PUT]}" onto public org.springframework.http.ResponseEntity<java.lang.Object> com.cg.restcontroller.GuestController.updateGuest(com.cg.entities.Guest,long)
29-08-2018 18:20:28.447 [main] INFO  o.s.w.s.m.m.a.RequestMappingHandlerMapping.register - Mapped "{[/guest/login],methods=[POST]}" onto public org.springframework.http.ResponseEntity<java.lang.Object> com.cg.restcontroller.GuestController.loginGuest(com.cg.entities.Guest)
29-08-2018 18:20:28.448 [main] INFO  o.s.w.s.m.m.a.RequestMappingHandlerMapping.register - Mapped "{[/guest/view/{guestID}],methods=[GET]}" onto public java.util.List<java.lang.Object> com.cg.restcontroller.GuestController.viewItenarary(long)
29-08-2018 18:20:28.452 [main] INFO  o.s.w.s.m.m.a.RequestMappingHandlerMapping.register - Mapped "{[/v2/api-docs],methods=[GET],produces=[application/json || application/hal+json]}" onto public org.springframework.http.ResponseEntity<springfox.documentation.spring.web.json.Json> springfox.documentation.swagger2.web.Swagger2Controller.getDocumentation(java.lang.String,javax.servlet.http.HttpServletRequest)
29-08-2018 18:20:28.457 [main] INFO  o.s.w.s.m.m.a.RequestMappingHandlerMapping.register - Mapped "{[/swagger-resources/configuration/security]}" onto org.springframework.http.ResponseEntity<springfox.documentation.swagger.web.SecurityConfiguration> springfox.documentation.swagger.web.ApiResourceController.securityConfiguration()
29-08-2018 18:20:28.459 [main] INFO  o.s.w.s.m.m.a.RequestMappingHandlerMapping.register - Mapped "{[/swagger-resources/configuration/ui]}" onto org.springframework.http.ResponseEntity<springfox.documentation.swagger.web.UiConfiguration> springfox.documentation.swagger.web.ApiResourceController.uiConfiguration()
29-08-2018 18:20:28.461 [main] INFO  o.s.w.s.m.m.a.RequestMappingHandlerMapping.register - Mapped "{[/swagger-resources]}" onto org.springframework.http.ResponseEntity<java.util.List<springfox.documentation.swagger.web.SwaggerResource>> springfox.documentation.swagger.web.ApiResourceController.swaggerResources()
29-08-2018 18:20:28.470 [main] INFO  o.s.w.s.m.m.a.RequestMappingHandlerMapping.register - Mapped "{[/error]}" onto public org.springframework.http.ResponseEntity<java.util.Map<java.lang.String, java.lang.Object>> org.springframework.boot.autoconfigure.web.servlet.error.BasicErrorController.error(javax.servlet.http.HttpServletRequest)
29-08-2018 18:20:28.471 [main] INFO  o.s.w.s.m.m.a.RequestMappingHandlerMapping.register - Mapped "{[/error],produces=[text/html]}" onto public org.springframework.web.servlet.ModelAndView org.springframework.boot.autoconfigure.web.servlet.error.BasicErrorController.errorHtml(javax.servlet.http.HttpServletRequest,javax.servlet.http.HttpServletResponse)
29-08-2018 18:20:29.028 [main] INFO  o.s.w.s.h.SimpleUrlHandlerMapping.registerHandler - Mapped URL path [/**/favicon.ico] onto handler of type [class org.springframework.web.servlet.resource.ResourceHttpRequestHandler]
29-08-2018 18:20:29.202 [main] INFO  o.s.w.s.m.m.a.RequestMappingHandlerAdapter.initControllerAdviceCache - Looking for @ControllerAdvice: org.springframework.web.context.support.GenericWebApplicationContext@660acfb: startup date [Wed Aug 29 18:20:26 IST 2018]; root of context hierarchy
29-08-2018 18:20:29.273 [main] INFO  o.s.w.s.h.SimpleUrlHandlerMapping.registerHandler - Mapped URL path [/webjars/**] onto handler of type [class org.springframework.web.servlet.resource.ResourceHttpRequestHandler]
29-08-2018 18:20:29.273 [main] INFO  o.s.w.s.h.SimpleUrlHandlerMapping.registerHandler - Mapped URL path [/**] onto handler of type [class org.springframework.web.servlet.resource.ResourceHttpRequestHandler]
29-08-2018 18:20:29.586 [main] INFO  o.s.c.s.DefaultLifecycleProcessor.start - Starting beans in phase 2147483647
29-08-2018 18:20:29.587 [main] INFO  s.d.s.w.p.DocumentationPluginsBootstrapper.start - Context refreshed
29-08-2018 18:20:29.621 [main] INFO  s.d.s.w.p.DocumentationPluginsBootstrapper.start - Found 1 custom documentation plugin(s)
29-08-2018 18:20:29.635 [main] INFO  s.d.s.w.s.ApiListingReferenceScanner.scan - Scanning for api listing references
29-08-2018 18:20:29.860 [main] INFO  c.c.b.BookingServiceTest.logStarted - Started BookingServiceTest in 4.139 seconds (JVM running for 5.532)
29-08-2018 18:20:30.288 [main] INFO  BookingServiceImpl.class.getAllDiningDetails - BookingServiceImpl: Executing getAllDiningDetails method.
29-08-2018 18:20:30.296 [main] INFO  BookingServiceImpl.class.updateBookedDining - BookingServiceImpl: Executing updateBookedDining method.
29-08-2018 18:20:30.299 [main] INFO  BookingServiceImpl.class.updateBookResort - BookingServiceImpl: Executing updateBookResort method.
29-08-2018 18:20:30.303 [main] INFO  BookingServiceImpl.class.getAllResortDetails - BookingServiceImpl: Executing getAllResortDetails method.
29-08-2018 18:20:30.306 [main] INFO  BookingServiceImpl.class.cancelBookedDining - BookingServiceImpl: Executing cancelBookResort method.
29-08-2018 18:20:30.309 [main] INFO  BookingServiceImpl.class.cancelBookResort - BookingServiceImpl: Executing cancelBookResort method.
29-08-2018 18:20:30.313 [main] INFO  BookingServiceImpl.class.bookDining - BookingServiceImpl: Executing bookDining method.
29-08-2018 18:20:30.317 [main] INFO  BookingServiceImpl.class.bookResort - BookingServiceImpl: Executing bookResort method.
29-08-2018 18:20:30.319 [main] INFO  o.s.b.t.c.SpringBootTestContextBootstrapper.buildDefaultMergedContextConfiguration - Neither @ContextConfiguration nor @ContextHierarchy found for test class [com.cg.bootjdbctemplate.GuestServiceTest], using SpringBootContextLoader
29-08-2018 18:20:30.320 [main] INFO  o.s.t.c.s.AbstractContextLoader.generateDefaultLocations - Could not detect default resource locations for test class [com.cg.bootjdbctemplate.GuestServiceTest]: no resource found for suffixes {-context.xml, Context.groovy}.
29-08-2018 18:20:30.321 [main] INFO  o.s.t.c.s.AnnotationConfigContextLoaderUtils.detectDefaultConfigurationClasses - Could not detect default configuration classes for test class [com.cg.bootjdbctemplate.GuestServiceTest]: GuestServiceTest does not declare any static, non-private, non-final, nested classes annotated with @Configuration.
29-08-2018 18:20:30.323 [main] INFO  o.s.b.t.c.SpringBootTestContextBootstrapper.getOrFindConfigurationClasses - Found @SpringBootConfiguration com.cg.MyApplication for test class com.cg.bootjdbctemplate.GuestServiceTest
29-08-2018 18:20:30.326 [main] INFO  o.s.b.t.c.SpringBootTestContextBootstrapper.getDefaultTestExecutionListenerClassNames - Loaded default TestExecutionListener class names from location [META-INF/spring.factories]: [org.springframework.boot.test.mock.mockito.MockitoTestExecutionListener, org.springframework.boot.test.mock.mockito.ResetMocksTestExecutionListener, org.springframework.boot.test.autoconfigure.restdocs.RestDocsTestExecutionListener, org.springframework.boot.test.autoconfigure.web.client.MockRestServiceServerResetTestExecutionListener, org.springframework.boot.test.autoconfigure.web.servlet.MockMvcPrintOnlyOnFailureTestExecutionListener, org.springframework.boot.test.autoconfigure.web.servlet.WebDriverTestExecutionListener, org.springframework.test.context.web.ServletTestExecutionListener, org.springframework.test.context.support.DirtiesContextBeforeModesTestExecutionListener, org.springframework.test.context.support.DependencyInjectionTestExecutionListener, org.springframework.test.context.support.DirtiesContextTestExecutionListener, org.springframework.test.context.transaction.TransactionalTestExecutionListener, org.springframework.test.context.jdbc.SqlScriptsTestExecutionListener]
29-08-2018 18:20:30.326 [main] INFO  o.s.b.t.c.SpringBootTestContextBootstrapper.getTestExecutionListeners - Using TestExecutionListeners: [org.springframework.test.context.web.ServletTestExecutionListener@2b73bd6b, org.springframework.test.context.support.DirtiesContextBeforeModesTestExecutionListener@157d3a45, org.springframework.boot.test.mock.mockito.MockitoTestExecutionListener@750ed637, org.springframework.boot.test.autoconfigure.SpringBootDependencyInjectionTestExecutionListener@5190010f, org.springframework.test.context.support.DirtiesContextTestExecutionListener@673e76b3, org.springframework.test.context.transaction.TransactionalTestExecutionListener@1bedc703, org.springframework.test.context.jdbc.SqlScriptsTestExecutionListener@18d11527, org.springframework.boot.test.mock.mockito.ResetMocksTestExecutionListener@4998e74b, org.springframework.boot.test.autoconfigure.restdocs.RestDocsTestExecutionListener@5d878b25, org.springframework.boot.test.autoconfigure.web.client.MockRestServiceServerResetTestExecutionListener@28279a49, org.springframework.boot.test.autoconfigure.web.servlet.MockMvcPrintOnlyOnFailureTestExecutionListener@384fda47, org.springframework.boot.test.autoconfigure.web.servlet.WebDriverTestExecutionListener@3663d0ba]
29-08-2018 18:20:30.372 [main] INFO  com.cg.service.GuestServiceImpl.updateGuest - GuestServiceImpl: Executing updateGuest method.
29-08-2018 18:20:30.377 [main] INFO  com.cg.service.GuestServiceImpl.registerGuest - GuestServiceImpl: Executing registerGuest method.
29-08-2018 18:20:30.381 [main] INFO  com.cg.service.GuestServiceImpl.validateGuest - GuestServiceImpl: Executing validateGuest method.
29-08-2018 18:20:30.392 [Thread-2] INFO  o.s.w.c.s.GenericWebApplicationContext.doClose - Closing org.springframework.web.context.support.GenericWebApplicationContext@660acfb: startup date [Wed Aug 29 18:20:26 IST 2018]; root of context hierarchy
29-08-2018 18:20:30.409 [Thread-2] INFO  o.s.c.s.DefaultLifecycleProcessor.stop - Stopping beans in phase 2147483647
29-08-2018 18:29:56.564 [main] INFO  c.c.b.BookingServiceTest.logStarting - Starting BookingServiceTest on DIN34002994 with PID 4248 (started by sogour in C:\Users\sogour\Documents\workspace-sts-3.9.4.RELEASE\myItinerary2)
29-08-2018 18:29:56.588 [main] INFO  c.c.b.BookingServiceTest.logStartupProfileInfo - No active profile set, falling back to default profiles: default
29-08-2018 18:29:57.009 [main] INFO  o.s.w.c.s.GenericWebApplicationContext.prepareRefresh - Refreshing org.springframework.web.context.support.GenericWebApplicationContext@5efa40fe: startup date [Wed Aug 29 18:29:57 IST 2018]; root of context hierarchy
29-08-2018 18:30:01.845 [main] INFO  o.s.c.s.PostProcessorRegistrationDelegate$BeanPostProcessorChecker.postProcessAfterInitialization - Bean 'org.springframework.transaction.annotation.ProxyTransactionManagementConfiguration' of type [org.springframework.transaction.annotation.ProxyTransactionManagementConfiguration$$EnhancerBySpringCGLIB$$e69418d7] is not eligible for getting processed by all BeanPostProcessors (for example: not eligible for auto-proxying)
29-08-2018 18:30:02.960 [main] INFO  o.s.w.s.m.m.a.RequestMappingHandlerMapping.register - Mapped "{[/booking/update/resort/{resortBookingId}],methods=[PUT]}" onto public org.springframework.http.ResponseEntity<java.lang.Object> com.cg.restcontroller.BookingController.updateBookResort(com.cg.entities.Resort,long)
29-08-2018 18:30:02.962 [main] INFO  o.s.w.s.m.m.a.RequestMappingHandlerMapping.register - Mapped "{[/booking/cancel/resort/{resortBookingId}],methods=[PUT]}" onto public org.springframework.http.ResponseEntity<java.lang.Object> com.cg.restcontroller.BookingController.cancelBookResort(long)
29-08-2018 18:30:02.963 [main] INFO  o.s.w.s.m.m.a.RequestMappingHandlerMapping.register - Mapped "{[/booking/dining/{guestID}],methods=[POST]}" onto public org.springframework.http.ResponseEntity<java.lang.Object> com.cg.restcontroller.BookingController.bookDining(com.cg.entities.Dining,long)
29-08-2018 18:30:02.964 [main] INFO  o.s.w.s.m.m.a.RequestMappingHandlerMapping.register - Mapped "{[/booking/update/dining/{diningBookingId}],methods=[PUT]}" onto public org.springframework.http.ResponseEntity<java.lang.Object> com.cg.restcontroller.BookingController.updateBookedDining(com.cg.entities.Dining,long)
29-08-2018 18:30:02.965 [main] INFO  o.s.w.s.m.m.a.RequestMappingHandlerMapping.register - Mapped "{[/booking/cancel/dining/{diningBookingId}],methods=[PUT]}" onto public org.springframework.http.ResponseEntity<java.lang.Object> com.cg.restcontroller.BookingController.cancelBookedDining(long)
29-08-2018 18:30:02.966 [main] INFO  o.s.w.s.m.m.a.RequestMappingHandlerMapping.register - Mapped "{[/booking/resort/{guestID}],methods=[POST]}" onto public org.springframework.http.ResponseEntity<java.lang.Object> com.cg.restcontroller.BookingController.bookResort(com.cg.entities.Resort,long)
29-08-2018 18:30:02.966 [main] INFO  o.s.w.s.m.m.a.RequestMappingHandlerMapping.register - Mapped "{[/booking/resort/get/{rReservationNumber}],methods=[GET]}" onto public org.springframework.http.ResponseEntity<java.lang.Object> com.cg.restcontroller.BookingController.getResort(long)
29-08-2018 18:30:02.967 [main] INFO  o.s.w.s.m.m.a.RequestMappingHandlerMapping.register - Mapped "{[/booking/dining/get/{dReservationNumber}],methods=[GET]}" onto public org.springframework.http.ResponseEntity<java.lang.Object> com.cg.restcontroller.BookingController.getDining(long)
29-08-2018 18:30:02.969 [main] INFO  o.s.w.s.m.m.a.RequestMappingHandlerMapping.register - Mapped "{[/guest/register],methods=[POST]}" onto public org.springframework.http.ResponseEntity<java.lang.Object> com.cg.restcontroller.GuestController.registerGuest(com.cg.entities.Guest)
29-08-2018 18:30:02.970 [main] INFO  o.s.w.s.m.m.a.RequestMappingHandlerMapping.register - Mapped "{[/guest/update/{guestID}],methods=[PUT]}" onto public org.springframework.http.ResponseEntity<java.lang.Object> com.cg.restcontroller.GuestController.updateGuest(com.cg.entities.Guest,long)
29-08-2018 18:30:02.971 [main] INFO  o.s.w.s.m.m.a.RequestMappingHandlerMapping.register - Mapped "{[/guest/login],methods=[POST]}" onto public org.springframework.http.ResponseEntity<java.lang.Object> com.cg.restcontroller.GuestController.loginGuest(com.cg.entities.Guest)
29-08-2018 18:30:02.971 [main] INFO  o.s.w.s.m.m.a.RequestMappingHandlerMapping.register - Mapped "{[/guest/view/{guestID}],methods=[GET]}" onto public java.util.List<java.lang.Object> com.cg.restcontroller.GuestController.viewItenarary(long)
29-08-2018 18:30:02.973 [main] INFO  o.s.w.s.m.m.a.RequestMappingHandlerMapping.register - Mapped "{[/v2/api-docs],methods=[GET],produces=[application/json || application/hal+json]}" onto public org.springframework.http.ResponseEntity<springfox.documentation.spring.web.json.Json> springfox.documentation.swagger2.web.Swagger2Controller.getDocumentation(java.lang.String,javax.servlet.http.HttpServletRequest)
29-08-2018 18:30:02.976 [main] INFO  o.s.w.s.m.m.a.RequestMappingHandlerMapping.register - Mapped "{[/swagger-resources/configuration/security]}" onto org.springframework.http.ResponseEntity<springfox.documentation.swagger.web.SecurityConfiguration> springfox.documentation.swagger.web.ApiResourceController.securityConfiguration()
29-08-2018 18:30:02.979 [main] INFO  o.s.w.s.m.m.a.RequestMappingHandlerMapping.register - Mapped "{[/swagger-resources/configuration/ui]}" onto org.springframework.http.ResponseEntity<springfox.documentation.swagger.web.UiConfiguration> springfox.documentation.swagger.web.ApiResourceController.uiConfiguration()
29-08-2018 18:30:02.980 [main] INFO  o.s.w.s.m.m.a.RequestMappingHandlerMapping.register - Mapped "{[/swagger-resources]}" onto org.springframework.http.ResponseEntity<java.util.List<springfox.documentation.swagger.web.SwaggerResource>> springfox.documentation.swagger.web.ApiResourceController.swaggerResources()
29-08-2018 18:30:02.986 [main] INFO  o.s.w.s.m.m.a.RequestMappingHandlerMapping.register - Mapped "{[/error]}" onto public org.springframework.http.ResponseEntity<java.util.Map<java.lang.String, java.lang.Object>> org.springframework.boot.autoconfigure.web.servlet.error.BasicErrorController.error(javax.servlet.http.HttpServletRequest)
29-08-2018 18:30:02.987 [main] INFO  o.s.w.s.m.m.a.RequestMappingHandlerMapping.register - Mapped "{[/error],produces=[text/html]}" onto public org.springframework.web.servlet.ModelAndView org.springframework.boot.autoconfigure.web.servlet.error.BasicErrorController.errorHtml(javax.servlet.http.HttpServletRequest,javax.servlet.http.HttpServletResponse)
29-08-2018 18:30:03.746 [main] INFO  o.s.w.s.h.SimpleUrlHandlerMapping.registerHandler - Mapped URL path [/**/favicon.ico] onto handler of type [class org.springframework.web.servlet.resource.ResourceHttpRequestHandler]
29-08-2018 18:30:03.945 [main] INFO  o.s.w.s.m.m.a.RequestMappingHandlerAdapter.initControllerAdviceCache - Looking for @ControllerAdvice: org.springframework.web.context.support.GenericWebApplicationContext@5efa40fe: startup date [Wed Aug 29 18:29:57 IST 2018]; root of context hierarchy
29-08-2018 18:30:04.007 [main] INFO  o.s.w.s.h.SimpleUrlHandlerMapping.registerHandler - Mapped URL path [/webjars/**] onto handler of type [class org.springframework.web.servlet.resource.ResourceHttpRequestHandler]
29-08-2018 18:30:04.008 [main] INFO  o.s.w.s.h.SimpleUrlHandlerMapping.registerHandler - Mapped URL path [/**] onto handler of type [class org.springframework.web.servlet.resource.ResourceHttpRequestHandler]
29-08-2018 18:30:04.415 [main] INFO  o.s.c.s.DefaultLifecycleProcessor.start - Starting beans in phase 2147483647
29-08-2018 18:30:04.415 [main] INFO  s.d.s.w.p.DocumentationPluginsBootstrapper.start - Context refreshed
29-08-2018 18:30:04.528 [main] INFO  s.d.s.w.p.DocumentationPluginsBootstrapper.start - Found 1 custom documentation plugin(s)
29-08-2018 18:30:04.543 [main] INFO  s.d.s.w.s.ApiListingReferenceScanner.scan - Scanning for api listing references
29-08-2018 18:30:05.031 [main] INFO  c.c.b.BookingServiceTest.logStarted - Started BookingServiceTest in 9.072 seconds (JVM running for 12.066)
29-08-2018 18:30:05.656 [main] INFO  BookingServiceImpl.class.getAllDiningDetails - BookingServiceImpl: Executing getAllDiningDetails method.
29-08-2018 18:30:05.667 [main] INFO  BookingServiceImpl.class.updateBookedDining - BookingServiceImpl: Executing updateBookedDining method.
29-08-2018 18:30:05.672 [main] INFO  BookingServiceImpl.class.updateBookResort - BookingServiceImpl: Executing updateBookResort method.
29-08-2018 18:30:05.675 [main] INFO  BookingServiceImpl.class.getAllResortDetails - BookingServiceImpl: Executing getAllResortDetails method.
29-08-2018 18:30:05.682 [main] INFO  BookingServiceImpl.class.cancelBookedDining - BookingServiceImpl: Executing cancelBookResort method.
29-08-2018 18:30:05.686 [main] INFO  BookingServiceImpl.class.cancelBookResort - BookingServiceImpl: Executing cancelBookResort method.
29-08-2018 18:30:05.691 [main] INFO  BookingServiceImpl.class.bookDining - BookingServiceImpl: Executing bookDining method.
29-08-2018 18:30:05.694 [main] INFO  BookingServiceImpl.class.bookResort - BookingServiceImpl: Executing bookResort method.
29-08-2018 18:30:05.697 [main] INFO  o.s.b.t.c.SpringBootTestContextBootstrapper.buildDefaultMergedContextConfiguration - Neither @ContextConfiguration nor @ContextHierarchy found for test class [com.cg.bootjdbctemplate.GuestServiceTest], using SpringBootContextLoader
29-08-2018 18:30:05.699 [main] INFO  o.s.t.c.s.AbstractContextLoader.generateDefaultLocations - Could not detect default resource locations for test class [com.cg.bootjdbctemplate.GuestServiceTest]: no resource found for suffixes {-context.xml, Context.groovy}.
29-08-2018 18:30:05.726 [main] INFO  o.s.t.c.s.AnnotationConfigContextLoaderUtils.detectDefaultConfigurationClasses - Could not detect default configuration classes for test class [com.cg.bootjdbctemplate.GuestServiceTest]: GuestServiceTest does not declare any static, non-private, non-final, nested classes annotated with @Configuration.
29-08-2018 18:30:05.729 [main] INFO  o.s.b.t.c.SpringBootTestContextBootstrapper.getOrFindConfigurationClasses - Found @SpringBootConfiguration com.cg.MyApplication for test class com.cg.bootjdbctemplate.GuestServiceTest
29-08-2018 18:30:05.732 [main] INFO  o.s.b.t.c.SpringBootTestContextBootstrapper.getDefaultTestExecutionListenerClassNames - Loaded default TestExecutionListener class names from location [META-INF/spring.factories]: [org.springframework.boot.test.mock.mockito.MockitoTestExecutionListener, org.springframework.boot.test.mock.mockito.ResetMocksTestExecutionListener, org.springframework.boot.test.autoconfigure.restdocs.RestDocsTestExecutionListener, org.springframework.boot.test.autoconfigure.web.client.MockRestServiceServerResetTestExecutionListener, org.springframework.boot.test.autoconfigure.web.servlet.MockMvcPrintOnlyOnFailureTestExecutionListener, org.springframework.boot.test.autoconfigure.web.servlet.WebDriverTestExecutionListener, org.springframework.test.context.web.ServletTestExecutionListener, org.springframework.test.context.support.DirtiesContextBeforeModesTestExecutionListener, org.springframework.test.context.support.DependencyInjectionTestExecutionListener, org.springframework.test.context.support.DirtiesContextTestExecutionListener, org.springframework.test.context.transaction.TransactionalTestExecutionListener, org.springframework.test.context.jdbc.SqlScriptsTestExecutionListener]
29-08-2018 18:30:05.732 [main] INFO  o.s.b.t.c.SpringBootTestContextBootstrapper.getTestExecutionListeners - Using TestExecutionListeners: [org.springframework.test.context.web.ServletTestExecutionListener@2b73bd6b, org.springframework.test.context.support.DirtiesContextBeforeModesTestExecutionListener@157d3a45, org.springframework.boot.test.mock.mockito.MockitoTestExecutionListener@750ed637, org.springframework.boot.test.autoconfigure.SpringBootDependencyInjectionTestExecutionListener@5190010f, org.springframework.test.context.support.DirtiesContextTestExecutionListener@673e76b3, org.springframework.test.context.transaction.TransactionalTestExecutionListener@1bedc703, org.springframework.test.context.jdbc.SqlScriptsTestExecutionListener@18d11527, org.springframework.boot.test.mock.mockito.ResetMocksTestExecutionListener@4998e74b, org.springframework.boot.test.autoconfigure.restdocs.RestDocsTestExecutionListener@5d878b25, org.springframework.boot.test.autoconfigure.web.client.MockRestServiceServerResetTestExecutionListener@28279a49, org.springframework.boot.test.autoconfigure.web.servlet.MockMvcPrintOnlyOnFailureTestExecutionListener@384fda47, org.springframework.boot.test.autoconfigure.web.servlet.WebDriverTestExecutionListener@3663d0ba]
29-08-2018 18:30:05.766 [main] INFO  com.cg.service.GuestServiceImpl.updateGuest - GuestServiceImpl: Executing updateGuest method.
29-08-2018 18:30:05.776 [main] INFO  com.cg.service.GuestServiceImpl.registerGuest - GuestServiceImpl: Executing registerGuest method.
29-08-2018 18:30:05.783 [main] INFO  com.cg.service.GuestServiceImpl.validateGuest - GuestServiceImpl: Executing validateGuest method.
29-08-2018 18:30:05.899 [Thread-2] INFO  o.s.w.c.s.GenericWebApplicationContext.doClose - Closing org.springframework.web.context.support.GenericWebApplicationContext@5efa40fe: startup date [Wed Aug 29 18:29:57 IST 2018]; root of context hierarchy
29-08-2018 18:30:05.929 [Thread-2] INFO  o.s.c.s.DefaultLifecycleProcessor.stop - Stopping beans in phase 2147483647
